<?xml version="1.0" encoding="UTF-8"?>
<coverage generated="1747330854041" clover="3.2.0">
  <project timestamp="1747330854041" name="All files">
    <metrics statements="42" coveredstatements="30" conditionals="13" coveredconditionals="9" methods="20" coveredmethods="15" elements="75" coveredelements="54" complexity="0" loc="42" ncloc="42" packages="1" files="1" classes="1"/>
    <file name="general.ts" path="C:\Users\jU\Documents\GitHub\statically-strict-debugger\js\general.ts">
      <metrics statements="42" coveredstatements="30" conditionals="13" coveredconditionals="9" methods="20" coveredmethods="15"/>
      <line num="17" count="14" type="stmt"/>
      <line num="83" count="14" type="stmt"/>
      <line num="91" count="14" type="stmt"/>
      <line num="92" count="14" type="stmt"/>
      <line num="96" count="2" type="stmt"/>
      <line num="100" count="1" type="stmt"/>
      <line num="108" count="2" type="stmt"/>
      <line num="113" count="2" type="stmt"/>
      <line num="114" count="2" type="cond" truecount="1" falsecount="1"/>
      <line num="122" count="1" type="stmt"/>
      <line num="127" count="1" type="stmt"/>
      <line num="128" count="1" type="stmt"/>
      <line num="136" count="2" type="stmt"/>
      <line num="140" count="2" type="stmt"/>
      <line num="152" count="1" type="stmt"/>
      <line num="153" count="1" type="stmt"/>
      <line num="157" count="1" type="stmt"/>
      <line num="158" count="1" type="stmt"/>
      <line num="163" count="1" type="stmt"/>
      <line num="171" count="4" type="stmt"/>
      <line num="172" count="4" type="cond" truecount="2" falsecount="0"/>
      <line num="178" count="1" type="stmt"/>
      <line num="182" count="0" type="stmt"/>
      <line num="186" count="1" type="stmt"/>
      <line num="190" count="0" type="stmt"/>
      <line num="194" count="0" type="stmt"/>
      <line num="197" count="0" type="stmt"/>
      <line num="202" count="1" type="cond" truecount="1" falsecount="1"/>
      <line num="203" count="0" type="stmt"/>
      <line num="204" count="1" type="cond" truecount="1" falsecount="1"/>
      <line num="205" count="0" type="stmt"/>
      <line num="206" count="0" type="stmt"/>
      <line num="207" count="1" type="cond" truecount="1" falsecount="1"/>
      <line num="208" count="0" type="stmt"/>
      <line num="210" count="1" type="stmt"/>
      <line num="213" count="1" type="stmt"/>
      <line num="215" count="1" type="cond" truecount="1" falsecount="0"/>
      <line num="217" count="0" type="stmt"/>
      <line num="221" count="0" type="stmt"/>
      <line num="222" count="0" type="stmt"/>
      <line num="223" count="0" type="stmt"/>
      <line num="227" count="1" type="stmt"/>
    </file>
  </project>
</coverage>
