{"C:\\Users\\jU\\Documents\\GitHub\\statically-strict-debugger\\js\\general.ts": {"path":"C:\\Users\\jU\\Documents\\GitHub\\statically-strict-debugger\\js\\general.ts","statementMap":{"0":{"start":{"line":17,"column":2},"end":{"line":81,"column":4}},"1":{"start":{"line":83,"column":2},"end":{"line":88,"column":4}},"2":{"start":{"line":91,"column":4},"end":{"line":91,"column":27}},"3":{"start":{"line":92,"column":4},"end":{"line":92,"column":28}},"4":{"start":{"line":96,"column":4},"end":{"line":96,"column":37}},"5":{"start":{"line":100,"column":4},"end":{"line":100,"column":32}},"6":{"start":{"line":108,"column":28},"end":{"line":111,"column":null}},"7":{"start":{"line":113,"column":17},"end":{"line":113,"column":60}},"8":{"start":{"line":114,"column":4},"end":{"line":114,"column":22}},"9":{"start":{"line":122,"column":17},"end":{"line":125,"column":null}},"10":{"start":{"line":127,"column":17},"end":{"line":127,"column":40}},"11":{"start":{"line":128,"column":4},"end":{"line":128,"column":16}},"12":{"start":{"line":136,"column":4},"end":{"line":136,"column":52}},"13":{"start":{"line":140,"column":4},"end":{"line":144,"column":10}},"14":{"start":{"line":152,"column":17},"end":{"line":152,"column":43}},"15":{"start":{"line":153,"column":4},"end":{"line":153,"column":47}},"16":{"start":{"line":157,"column":4},"end":{"line":159,"column":13}},"17":{"start":{"line":158,"column":6},"end":{"line":158,"column":23}},"18":{"start":{"line":163,"column":4},"end":{"line":163,"column":46}},"19":{"start":{"line":171,"column":28},"end":{"line":171,"column":71}},"20":{"start":{"line":172,"column":4},"end":{"line":174,"column":13}},"21":{"start":{"line":178,"column":4},"end":{"line":178,"column":59}},"22":{"start":{"line":182,"column":4},"end":{"line":182,"column":24}},"23":{"start":{"line":186,"column":4},"end":{"line":186,"column":32}},"24":{"start":{"line":190,"column":4},"end":{"line":190,"column":39}},"25":{"start":{"line":194,"column":4},"end":{"line":194,"column":39}},"26":{"start":{"line":197,"column":4},"end":{"line":197,"column":36}},"27":{"start":{"line":202,"column":4},"end":{"line":211,"column":5}},"28":{"start":{"line":203,"column":6},"end":{"line":203,"column":42}},"29":{"start":{"line":204,"column":11},"end":{"line":211,"column":5}},"30":{"start":{"line":205,"column":31},"end":{"line":205,"column":72}},"31":{"start":{"line":206,"column":6},"end":{"line":206,"column":53}},"32":{"start":{"line":207,"column":11},"end":{"line":211,"column":5}},"33":{"start":{"line":208,"column":6},"end":{"line":208,"column":48}},"34":{"start":{"line":210,"column":6},"end":{"line":210,"column":50}},"35":{"start":{"line":213,"column":26},"end":{"line":213,"column":79}},"36":{"start":{"line":215,"column":4},"end":{"line":215,"column":37}},"37":{"start":{"line":215,"column":30},"end":{"line":215,"column":37}},"38":{"start":{"line":217,"column":4},"end":{"line":217,"column":40}},"39":{"start":{"line":221,"column":18},"end":{"line":221,"column":33}},"40":{"start":{"line":222,"column":20},"end":{"line":222,"column":35}},"41":{"start":{"line":223,"column":4},"end":{"line":223,"column":19}},"42":{"start":{"line":227,"column":0},"end":{"line":227,"column":23}}},"fnMap":{"0":{"name":"(anonymous_0)","decl":{"start":{"line":90,"column":2},"end":{"line":90,"column":null}},"loc":{"start":{"line":90,"column":2},"end":{"line":93,"column":3}}},"1":{"name":"(anonymous_1)","decl":{"start":{"line":95,"column":2},"end":{"line":95,"column":14}},"loc":{"start":{"line":95,"column":27},"end":{"line":97,"column":3}}},"2":{"name":"(anonymous_2)","decl":{"start":{"line":99,"column":2},"end":{"line":99,"column":9}},"loc":{"start":{"line":99,"column":9},"end":{"line":101,"column":3}}},"3":{"name":"(anonymous_3)","decl":{"start":{"line":103,"column":2},"end":{"line":103,"column":26}},"loc":{"start":{"line":106,"column":25},"end":{"line":115,"column":3}}},"4":{"name":"(anonymous_4)","decl":{"start":{"line":117,"column":2},"end":{"line":117,"column":18}},"loc":{"start":{"line":120,"column":24},"end":{"line":129,"column":3}}},"5":{"name":"(anonymous_5)","decl":{"start":{"line":131,"column":2},"end":{"line":131,"column":12}},"loc":{"start":{"line":134,"column":26},"end":{"line":137,"column":3}}},"6":{"name":"(anonymous_6)","decl":{"start":{"line":139,"column":2},"end":{"line":139,"column":14}},"loc":{"start":{"line":139,"column":30},"end":{"line":145,"column":3}}},"7":{"name":"(anonymous_7)","decl":{"start":{"line":147,"column":2},"end":{"line":147,"column":21}},"loc":{"start":{"line":150,"column":26},"end":{"line":154,"column":3}}},"8":{"name":"(anonymous_8)","decl":{"start":{"line":156,"column":2},"end":{"line":156,"column":20}},"loc":{"start":{"line":156,"column":41},"end":{"line":160,"column":3}}},"9":{"name":"(anonymous_9)","decl":{"start":{"line":157,"column":15},"end":{"line":157,"column":18}},"loc":{"start":{"line":157,"column":20},"end":{"line":159,"column":5}}},"10":{"name":"(anonymous_10)","decl":{"start":{"line":162,"column":2},"end":{"line":162,"column":10}},"loc":{"start":{"line":162,"column":29},"end":{"line":164,"column":3}}},"11":{"name":"(anonymous_11)","decl":{"start":{"line":166,"column":2},"end":{"line":166,"column":17}},"loc":{"start":{"line":169,"column":25},"end":{"line":175,"column":3}}},"12":{"name":"(anonymous_12)","decl":{"start":{"line":177,"column":2},"end":{"line":177,"column":22}},"loc":{"start":{"line":177,"column":67},"end":{"line":179,"column":3}}},"13":{"name":"(anonymous_13)","decl":{"start":{"line":181,"column":2},"end":{"line":181,"column":21}},"loc":{"start":{"line":181,"column":41},"end":{"line":183,"column":3}}},"14":{"name":"(anonymous_14)","decl":{"start":{"line":185,"column":2},"end":{"line":185,"column":19}},"loc":{"start":{"line":185,"column":55},"end":{"line":187,"column":3}}},"15":{"name":"(anonymous_15)","decl":{"start":{"line":189,"column":2},"end":{"line":189,"column":14}},"loc":{"start":{"line":189,"column":35},"end":{"line":191,"column":3}}},"16":{"name":"(anonymous_16)","decl":{"start":{"line":193,"column":2},"end":{"line":193,"column":14}},"loc":{"start":{"line":193,"column":35},"end":{"line":195,"column":3}}},"17":{"name":"(anonymous_17)","decl":{"start":{"line":196,"column":2},"end":{"line":196,"column":11}},"loc":{"start":{"line":196,"column":32},"end":{"line":198,"column":3}}},"18":{"name":"(anonymous_18)","decl":{"start":{"line":200,"column":2},"end":{"line":200,"column":21}},"loc":{"start":{"line":200,"column":45},"end":{"line":218,"column":3}}},"19":{"name":"(anonymous_19)","decl":{"start":{"line":220,"column":2},"end":{"line":220,"column":23}},"loc":{"start":{"line":220,"column":36},"end":{"line":224,"column":3}}}},"branchMap":{"0":{"loc":{"start":{"line":105,"column":4},"end":{"line":105,"column":33}},"type":"default-arg","locations":[{"start":{"line":105,"column":25},"end":{"line":105,"column":33}}]},"1":{"loc":{"start":{"line":106,"column":4},"end":{"line":106,"column":25}},"type":"default-arg","locations":[{"start":{"line":106,"column":22},"end":{"line":106,"column":25}}]},"2":{"loc":{"start":{"line":114,"column":11},"end":{"line":114,"column":21}},"type":"binary-expr","locations":[{"start":{"line":114,"column":11},"end":{"line":114,"column":15}},{"start":{"line":114,"column":19},"end":{"line":114,"column":21}}]},"3":{"loc":{"start":{"line":172,"column":11},"end":{"line":174,"column":12}},"type":"cond-expr","locations":[{"start":{"line":173,"column":8},"end":{"line":173,"column":52}},{"start":{"line":174,"column":8},"end":{"line":174,"column":12}}]},"4":{"loc":{"start":{"line":202,"column":4},"end":{"line":211,"column":5}},"type":"if","locations":[{"start":{"line":202,"column":4},"end":{"line":211,"column":5}},{"start":{"line":204,"column":11},"end":{"line":211,"column":5}}]},"5":{"loc":{"start":{"line":204,"column":11},"end":{"line":211,"column":5}},"type":"if","locations":[{"start":{"line":204,"column":11},"end":{"line":211,"column":5}},{"start":{"line":207,"column":11},"end":{"line":211,"column":5}}]},"6":{"loc":{"start":{"line":207,"column":11},"end":{"line":211,"column":5}},"type":"if","locations":[{"start":{"line":207,"column":11},"end":{"line":211,"column":5}},{"start":{"line":209,"column":11},"end":{"line":211,"column":5}}]},"7":{"loc":{"start":{"line":215,"column":4},"end":{"line":215,"column":37}},"type":"if","locations":[{"start":{"line":215,"column":4},"end":{"line":215,"column":37}}]}},"s":{"0":14,"1":14,"2":14,"3":14,"4":2,"5":1,"6":2,"7":2,"8":2,"9":1,"10":1,"11":1,"12":2,"13":2,"14":1,"15":1,"16":1,"17":1,"18":1,"19":4,"20":4,"21":1,"22":0,"23":1,"24":0,"25":0,"26":0,"27":1,"28":0,"29":1,"30":0,"31":0,"32":1,"33":0,"34":1,"35":1,"36":1,"37":1,"38":0,"39":0,"40":0,"41":0,"42":1},"f":{"0":14,"1":2,"2":1,"3":2,"4":1,"5":2,"6":2,"7":1,"8":1,"9":1,"10":1,"11":4,"12":1,"13":0,"14":1,"15":0,"16":0,"17":0,"18":1,"19":0},"b":{"0":[1],"1":[1],"2":[2,0],"3":[3,1],"4":[0,1],"5":[0,1],"6":[0,1],"7":[1]}}
}
