{"C:\\Users\\jU\\Documents\\GitHub\\statically-strict-debugger\\js\\advanceSettings.ts": {"path":"C:\\Users\\jU\\Documents\\GitHub\\statically-strict-debugger\\js\\advanceSettings.ts","statementMap":{"0":{"start":{"line":2,"column":0},"end":{"line":2,"column":39}},"1":{"start":{"line":8,"column":4},"end":{"line":8,"column":12}},"2":{"start":{"line":104,"column":25},"end":{"line":104,"column":63}},"3":{"start":{"line":105,"column":26},"end":{"line":105,"column":74}},"4":{"start":{"line":106,"column":26},"end":{"line":106,"column":71}},"5":{"start":{"line":107,"column":4},"end":{"line":107,"column":52}},"6":{"start":{"line":110,"column":4},"end":{"line":114,"column":6}},"7":{"start":{"line":117,"column":4},"end":{"line":117,"column":49}},"8":{"start":{"line":121,"column":20},"end":{"line":124,"column":null}},"9":{"start":{"line":126,"column":4},"end":{"line":126,"column":46}},"10":{"start":{"line":130,"column":26},"end":{"line":130,"column":71}},"11":{"start":{"line":131,"column":25},"end":{"line":131,"column":60}},"12":{"start":{"line":134,"column":4},"end":{"line":136,"column":5}},"13":{"start":{"line":135,"column":6},"end":{"line":135,"column":28}},"14":{"start":{"line":139,"column":4},"end":{"line":139,"column":49}},"15":{"start":{"line":146,"column":20},"end":{"line":149,"column":null}},"16":{"start":{"line":151,"column":4},"end":{"line":153,"column":5}},"17":{"start":{"line":152,"column":6},"end":{"line":152,"column":25}},"18":{"start":{"line":154,"column":4},"end":{"line":154,"column":11}},"19":{"start":{"line":158,"column":20},"end":{"line":161,"column":null}},"20":{"start":{"line":163,"column":22},"end":{"line":163,"column":29}},"21":{"start":{"line":166,"column":4},"end":{"line":166,"column":23}},"22":{"start":{"line":166,"column":16},"end":{"line":166,"column":23}},"23":{"start":{"line":168,"column":22},"end":{"line":171,"column":null}},"24":{"start":{"line":173,"column":4},"end":{"line":187,"column":5}},"25":{"start":{"line":174,"column":6},"end":{"line":174,"column":31}},"26":{"start":{"line":176,"column":6},"end":{"line":176,"column":25}},"27":{"start":{"line":179,"column":26},"end":{"line":179,"column":69}},"28":{"start":{"line":180,"column":6},"end":{"line":180,"column":75}},"29":{"start":{"line":183,"column":6},"end":{"line":183,"column":42}},"30":{"start":{"line":186,"column":6},"end":{"line":186,"column":57}},"31":{"start":{"line":191,"column":20},"end":{"line":194,"column":null}},"32":{"start":{"line":196,"column":22},"end":{"line":196,"column":29}},"33":{"start":{"line":199,"column":4},"end":{"line":199,"column":23}},"34":{"start":{"line":199,"column":16},"end":{"line":199,"column":23}},"35":{"start":{"line":201,"column":22},"end":{"line":204,"column":null}},"36":{"start":{"line":206,"column":4},"end":{"line":219,"column":5}},"37":{"start":{"line":207,"column":6},"end":{"line":207,"column":32}},"38":{"start":{"line":208,"column":6},"end":{"line":208,"column":25}},"39":{"start":{"line":211,"column":26},"end":{"line":211,"column":70}},"40":{"start":{"line":212,"column":6},"end":{"line":212,"column":76}},"41":{"start":{"line":215,"column":6},"end":{"line":215,"column":42}},"42":{"start":{"line":218,"column":6},"end":{"line":218,"column":58}},"43":{"start":{"line":223,"column":4},"end":{"line":223,"column":41}},"44":{"start":{"line":223,"column":24},"end":{"line":223,"column":41}},"45":{"start":{"line":224,"column":22},"end":{"line":224,"column":70}},"46":{"start":{"line":225,"column":4},"end":{"line":225,"column":21}},"47":{"start":{"line":229,"column":22},"end":{"line":229,"column":62}},"48":{"start":{"line":230,"column":4},"end":{"line":230,"column":30}},"49":{"start":{"line":230,"column":20},"end":{"line":230,"column":30}},"50":{"start":{"line":231,"column":4},"end":{"line":231,"column":35}},"51":{"start":{"line":235,"column":30},"end":{"line":235,"column":74}},"52":{"start":{"line":236,"column":4},"end":{"line":236,"column":43}},"53":{"start":{"line":240,"column":4},"end":{"line":240,"column":70}},"54":{"start":{"line":244,"column":4},"end":{"line":244,"column":16}},"55":{"start":{"line":248,"column":24},"end":{"line":248,"column":39}},"56":{"start":{"line":250,"column":27},"end":{"line":250,"column":37}},"57":{"start":{"line":251,"column":23},"end":{"line":251,"column":37}},"58":{"start":{"line":252,"column":22},"end":{"line":252,"column":35}},"59":{"start":{"line":253,"column":4},"end":{"line":253,"column":40}},"60":{"start":{"line":254,"column":4},"end":{"line":254,"column":41}},"61":{"start":{"line":255,"column":4},"end":{"line":255,"column":33}},"62":{"start":{"line":257,"column":4},"end":{"line":257,"column":26}},"63":{"start":{"line":261,"column":16},"end":{"line":261,"column":26}},"64":{"start":{"line":262,"column":20},"end":{"line":262,"column":75}},"65":{"start":{"line":263,"column":4},"end":{"line":263,"column":30}},"66":{"start":{"line":264,"column":4},"end":{"line":264,"column":19}},"67":{"start":{"line":268,"column":4},"end":{"line":286,"column":7}},"68":{"start":{"line":269,"column":35},"end":{"line":282,"column":7}},"69":{"start":{"line":270,"column":20},"end":{"line":270,"column":30}},"70":{"start":{"line":272,"column":8},"end":{"line":281,"column":9}},"71":{"start":{"line":277,"column":10},"end":{"line":277,"column":79}},"72":{"start":{"line":280,"column":10},"end":{"line":280,"column":36}},"73":{"start":{"line":285,"column":25},"end":{"line":285,"column":64}},"74":{"start":{"line":290,"column":26},"end":{"line":290,"column":47}},"75":{"start":{"line":291,"column":4},"end":{"line":291,"column":54}},"76":{"start":{"line":11,"column":10},"end":{"line":101,"column":null}},"77":{"start":{"line":12,"column":51},"end":{"line":12,"column":60}},"78":{"start":{"line":13,"column":4},"end":{"line":76,"column":10}},"79":{"start":{"line":80,"column":16},"end":{"line":80,"column":41}},"80":{"start":{"line":81,"column":4},"end":{"line":100,"column":7}},"81":{"start":{"line":295,"column":0},"end":{"line":295,"column":31}}},"fnMap":{"0":{"name":"(anonymous_2)","decl":{"start":{"line":7,"column":2},"end":{"line":7,"column":null}},"loc":{"start":{"line":7,"column":2},"end":{"line":9,"column":3}}},"1":{"name":"(anonymous_3)","decl":{"start":{"line":103,"column":2},"end":{"line":103,"column":12}},"loc":{"start":{"line":103,"column":33},"end":{"line":118,"column":3}}},"2":{"name":"(anonymous_4)","decl":{"start":{"line":120,"column":2},"end":{"line":120,"column":22}},"loc":{"start":{"line":120,"column":51},"end":{"line":127,"column":3}}},"3":{"name":"(anonymous_5)","decl":{"start":{"line":129,"column":2},"end":{"line":129,"column":17}},"loc":{"start":{"line":129,"column":17},"end":{"line":140,"column":3}}},"4":{"name":"(anonymous_6)","decl":{"start":{"line":142,"column":2},"end":{"line":142,"column":24}},"loc":{"start":{"line":144,"column":36},"end":{"line":155,"column":3}}},"5":{"name":"(anonymous_7)","decl":{"start":{"line":157,"column":2},"end":{"line":157,"column":28}},"loc":{"start":{"line":157,"column":57},"end":{"line":188,"column":3}}},"6":{"name":"(anonymous_8)","decl":{"start":{"line":190,"column":2},"end":{"line":190,"column":29}},"loc":{"start":{"line":190,"column":58},"end":{"line":220,"column":3}}},"7":{"name":"(anonymous_9)","decl":{"start":{"line":222,"column":2},"end":{"line":222,"column":22}},"loc":{"start":{"line":222,"column":44},"end":{"line":226,"column":3}}},"8":{"name":"(anonymous_10)","decl":{"start":{"line":228,"column":2},"end":{"line":228,"column":21}},"loc":{"start":{"line":228,"column":43},"end":{"line":232,"column":3}}},"9":{"name":"(anonymous_11)","decl":{"start":{"line":234,"column":2},"end":{"line":234,"column":12}},"loc":{"start":{"line":234,"column":57},"end":{"line":237,"column":3}}},"10":{"name":"(anonymous_12)","decl":{"start":{"line":239,"column":2},"end":{"line":239,"column":16}},"loc":{"start":{"line":239,"column":29},"end":{"line":241,"column":3}}},"11":{"name":"(anonymous_13)","decl":{"start":{"line":243,"column":2},"end":{"line":243,"column":18}},"loc":{"start":{"line":243,"column":18},"end":{"line":245,"column":3}}},"12":{"name":"(anonymous_14)","decl":{"start":{"line":247,"column":2},"end":{"line":247,"column":12}},"loc":{"start":{"line":247,"column":25},"end":{"line":258,"column":3}}},"13":{"name":"(anonymous_15)","decl":{"start":{"line":260,"column":2},"end":{"line":260,"column":16}},"loc":{"start":{"line":260,"column":37},"end":{"line":265,"column":3}}},"14":{"name":"(anonymous_16)","decl":{"start":{"line":267,"column":2},"end":{"line":267,"column":7}},"loc":{"start":{"line":267,"column":50},"end":{"line":287,"column":3}}},"15":{"name":"(anonymous_17)","decl":{"start":{"line":268,"column":23},"end":{"line":268,"column":24}},"loc":{"start":{"line":268,"column":43},"end":{"line":286,"column":5}}},"16":{"name":"(anonymous_18)","decl":{"start":{"line":269,"column":35},"end":{"line":269,"column":38}},"loc":{"start":{"line":269,"column":40},"end":{"line":282,"column":7}}},"17":{"name":"(anonymous_19)","decl":{"start":{"line":289,"column":2},"end":{"line":289,"column":7}},"loc":{"start":{"line":289,"column":60},"end":{"line":292,"column":3}}},"18":{"name":"_AdvanceSettings_markup","decl":{"start":{"line":11,"column":10},"end":{"line":11,"column":34}},"loc":{"start":{"line":11,"column":34},"end":{"line":77,"column":3}}},"19":{"name":"_AdvanceSettings_analyticsUsage","decl":{"start":{"line":77,"column":3},"end":{"line":77,"column":null}},"loc":{"start":{"line":79,"column":32},"end":{"line":101,"column":3}}}},"branchMap":{"0":{"loc":{"start":{"line":134,"column":4},"end":{"line":136,"column":5}},"type":"if","locations":[{"start":{"line":134,"column":4},"end":{"line":136,"column":5}}]},"1":{"loc":{"start":{"line":151,"column":4},"end":{"line":153,"column":5}},"type":"if","locations":[{"start":{"line":151,"column":4},"end":{"line":153,"column":5}}]},"2":{"loc":{"start":{"line":166,"column":4},"end":{"line":166,"column":23}},"type":"if","locations":[{"start":{"line":166,"column":4},"end":{"line":166,"column":23}}]},"3":{"loc":{"start":{"line":173,"column":4},"end":{"line":187,"column":5}},"type":"if","locations":[{"start":{"line":173,"column":4},"end":{"line":187,"column":5}}]},"4":{"loc":{"start":{"line":199,"column":4},"end":{"line":199,"column":23}},"type":"if","locations":[{"start":{"line":199,"column":4},"end":{"line":199,"column":23}}]},"5":{"loc":{"start":{"line":206,"column":4},"end":{"line":219,"column":5}},"type":"if","locations":[{"start":{"line":206,"column":4},"end":{"line":219,"column":5}}]},"6":{"loc":{"start":{"line":223,"column":4},"end":{"line":223,"column":41}},"type":"if","locations":[{"start":{"line":223,"column":4},"end":{"line":223,"column":41}}]},"7":{"loc":{"start":{"line":230,"column":4},"end":{"line":230,"column":30}},"type":"if","locations":[{"start":{"line":230,"column":4},"end":{"line":230,"column":30}}]},"8":{"loc":{"start":{"line":272,"column":8},"end":{"line":281,"column":9}},"type":"if","locations":[{"start":{"line":272,"column":8},"end":{"line":281,"column":9}}]},"9":{"loc":{"start":{"line":273,"column":10},"end":{"line":275,"column":48}},"type":"binary-expr","locations":[{"start":{"line":273,"column":10},"end":{"line":273,"column":44}},{"start":{"line":274,"column":10},"end":{"line":274,"column":48}},{"start":{"line":275,"column":10},"end":{"line":275,"column":48}}]}},"s":{"0":1,"1":10,"2":0,"3":0,"4":0,"5":0,"6":0,"7":0,"8":1,"9":1,"10":1,"11":1,"12":1,"13":1,"14":1,"15":1,"16":1,"17":1,"18":1,"19":1,"20":1,"21":1,"22":0,"23":1,"24":1,"25":1,"26":1,"27":1,"28":1,"29":1,"30":1,"31":1,"32":1,"33":1,"34":0,"35":1,"36":1,"37":1,"38":1,"39":1,"40":1,"41":1,"42":1,"43":2,"44":0,"45":2,"46":2,"47":1,"48":1,"49":1,"50":0,"51":0,"52":0,"53":1,"54":0,"55":2,"56":2,"57":2,"58":2,"59":2,"60":2,"61":2,"62":2,"63":1,"64":1,"65":1,"66":1,"67":0,"68":0,"69":0,"70":0,"71":0,"72":0,"73":0,"74":0,"75":0,"76":1,"77":0,"78":0,"79":0,"80":0,"81":1},"f":{"0":10,"1":0,"2":1,"3":1,"4":1,"5":1,"6":1,"7":2,"8":1,"9":0,"10":1,"11":0,"12":2,"13":1,"14":0,"15":0,"16":0,"17":0,"18":0,"19":0},"b":{"0":[1],"1":[1],"2":[0],"3":[1],"4":[0],"5":[1],"6":[0],"7":[1],"8":[0],"9":[0,0,0]}}
,"C:\\Users\\jU\\Documents\\GitHub\\statically-strict-debugger\\js\\basicSettings.js": {"path":"C:\\Users\\jU\\Documents\\GitHub\\statically-strict-debugger\\js\\basicSettings.js","statementMap":{"0":{"start":{"line":2,"column":22},"end":{"line":4,"column":1}},"1":{"start":{"line":3,"column":4},"end":{"line":3,"column":62}},"2":{"start":{"line":5,"column":0},"end":{"line":5,"column":62}},"3":{"start":{"line":6,"column":21},"end":{"line":6,"column":61}},"4":{"start":{"line":9,"column":8},"end":{"line":9,"column":16}},"5":{"start":{"line":12,"column":8},"end":{"line":19,"column":10}},"6":{"start":{"line":22,"column":21},"end":{"line":22,"column":47}},"7":{"start":{"line":23,"column":8},"end":{"line":23,"column":51}},"8":{"start":{"line":26,"column":8},"end":{"line":28,"column":17}},"9":{"start":{"line":27,"column":12},"end":{"line":27,"column":29}},"10":{"start":{"line":31,"column":8},"end":{"line":31,"column":79}},"11":{"start":{"line":32,"column":8},"end":{"line":32,"column":92}},"12":{"start":{"line":35,"column":8},"end":{"line":35,"column":83}},"13":{"start":{"line":36,"column":8},"end":{"line":36,"column":88}},"14":{"start":{"line":39,"column":21},"end":{"line":39,"column":70}},"15":{"start":{"line":40,"column":30},"end":{"line":40,"column":56}},"16":{"start":{"line":41,"column":29},"end":{"line":41,"column":65}},"17":{"start":{"line":42,"column":27},"end":{"line":42,"column":84}},"18":{"start":{"line":43,"column":8},"end":{"line":43,"column":65}},"19":{"start":{"line":46,"column":72},"end":{"line":46,"column":120}},"20":{"start":{"line":47,"column":23},"end":{"line":47,"column":93}},"21":{"start":{"line":48,"column":8},"end":{"line":49,"column":19}},"22":{"start":{"line":49,"column":12},"end":{"line":49,"column":19}},"23":{"start":{"line":50,"column":8},"end":{"line":50,"column":51}},"24":{"start":{"line":51,"column":8},"end":{"line":62,"column":9}},"25":{"start":{"line":52,"column":12},"end":{"line":52,"column":45}},"26":{"start":{"line":53,"column":12},"end":{"line":53,"column":41}},"27":{"start":{"line":54,"column":35},"end":{"line":54,"column":64}},"28":{"start":{"line":55,"column":12},"end":{"line":55,"column":66}},"29":{"start":{"line":56,"column":12},"end":{"line":56,"column":63}},"30":{"start":{"line":59,"column":12},"end":{"line":59,"column":46}},"31":{"start":{"line":60,"column":12},"end":{"line":60,"column":53}},"32":{"start":{"line":61,"column":12},"end":{"line":61,"column":31}},"33":{"start":{"line":65,"column":34},"end":{"line":65,"column":71}},"34":{"start":{"line":66,"column":8},"end":{"line":67,"column":19}},"35":{"start":{"line":67,"column":12},"end":{"line":67,"column":19}},"36":{"start":{"line":68,"column":8},"end":{"line":69,"column":19}},"37":{"start":{"line":69,"column":12},"end":{"line":69,"column":19}},"38":{"start":{"line":70,"column":8},"end":{"line":70,"column":49}},"39":{"start":{"line":71,"column":28},"end":{"line":71,"column":84}},"40":{"start":{"line":72,"column":8},"end":{"line":76,"column":9}},"41":{"start":{"line":73,"column":12},"end":{"line":73,"column":44}},"42":{"start":{"line":74,"column":12},"end":{"line":74,"column":67}},"43":{"start":{"line":75,"column":12},"end":{"line":75,"column":19}},"44":{"start":{"line":77,"column":8},"end":{"line":77,"column":40}},"45":{"start":{"line":78,"column":8},"end":{"line":78,"column":63}},"46":{"start":{"line":81,"column":72},"end":{"line":81,"column":120}},"47":{"start":{"line":82,"column":8},"end":{"line":83,"column":19}},"48":{"start":{"line":83,"column":12},"end":{"line":83,"column":19}},"49":{"start":{"line":84,"column":8},"end":{"line":92,"column":9}},"50":{"start":{"line":85,"column":12},"end":{"line":85,"column":45}},"51":{"start":{"line":86,"column":35},"end":{"line":86,"column":64}},"52":{"start":{"line":87,"column":12},"end":{"line":87,"column":66}},"53":{"start":{"line":90,"column":12},"end":{"line":90,"column":46}},"54":{"start":{"line":91,"column":12},"end":{"line":91,"column":53}},"55":{"start":{"line":95,"column":0},"end":{"line":95,"column":24}}},"fnMap":{"0":{"name":"(anonymous_0)","decl":{"start":{"line":2,"column":56},"end":{"line":2,"column":57}},"loc":{"start":{"line":2,"column":71},"end":{"line":4,"column":1}},"line":2},"1":{"name":"(anonymous_1)","decl":{"start":{"line":8,"column":4},"end":{"line":8,"column":5}},"loc":{"start":{"line":8,"column":18},"end":{"line":10,"column":5}},"line":8},"2":{"name":"(anonymous_2)","decl":{"start":{"line":11,"column":4},"end":{"line":11,"column":5}},"loc":{"start":{"line":11,"column":26},"end":{"line":20,"column":5}},"line":11},"3":{"name":"(anonymous_3)","decl":{"start":{"line":21,"column":4},"end":{"line":21,"column":5}},"loc":{"start":{"line":21,"column":54},"end":{"line":24,"column":5}},"line":21},"4":{"name":"(anonymous_4)","decl":{"start":{"line":25,"column":4},"end":{"line":25,"column":5}},"loc":{"start":{"line":25,"column":32},"end":{"line":29,"column":5}},"line":25},"5":{"name":"(anonymous_5)","decl":{"start":{"line":26,"column":19},"end":{"line":26,"column":20}},"loc":{"start":{"line":26,"column":25},"end":{"line":28,"column":9}},"line":26},"6":{"name":"(anonymous_6)","decl":{"start":{"line":30,"column":4},"end":{"line":30,"column":5}},"loc":{"start":{"line":30,"column":38},"end":{"line":33,"column":5}},"line":30},"7":{"name":"(anonymous_7)","decl":{"start":{"line":34,"column":4},"end":{"line":34,"column":5}},"loc":{"start":{"line":34,"column":39},"end":{"line":37,"column":5}},"line":34},"8":{"name":"(anonymous_8)","decl":{"start":{"line":38,"column":4},"end":{"line":38,"column":5}},"loc":{"start":{"line":38,"column":48},"end":{"line":44,"column":5}},"line":38},"9":{"name":"(anonymous_9)","decl":{"start":{"line":45,"column":4},"end":{"line":45,"column":5}},"loc":{"start":{"line":45,"column":42},"end":{"line":63,"column":5}},"line":45},"10":{"name":"(anonymous_10)","decl":{"start":{"line":64,"column":4},"end":{"line":64,"column":5}},"loc":{"start":{"line":64,"column":51},"end":{"line":79,"column":5}},"line":64},"11":{"name":"(anonymous_11)","decl":{"start":{"line":80,"column":4},"end":{"line":80,"column":5}},"loc":{"start":{"line":80,"column":47},"end":{"line":93,"column":5}},"line":80}},"branchMap":{"0":{"loc":{"start":{"line":2,"column":22},"end":{"line":4,"column":1}},"type":"binary-expr","locations":[{"start":{"line":2,"column":23},"end":{"line":2,"column":27}},{"start":{"line":2,"column":31},"end":{"line":2,"column":51}},{"start":{"line":2,"column":56},"end":{"line":4,"column":1}}],"line":2},"1":{"loc":{"start":{"line":3,"column":11},"end":{"line":3,"column":61}},"type":"cond-expr","locations":[{"start":{"line":3,"column":37},"end":{"line":3,"column":40}},{"start":{"line":3,"column":43},"end":{"line":3,"column":61}}],"line":3},"2":{"loc":{"start":{"line":3,"column":12},"end":{"line":3,"column":33}},"type":"binary-expr","locations":[{"start":{"line":3,"column":12},"end":{"line":3,"column":15}},{"start":{"line":3,"column":19},"end":{"line":3,"column":33}}],"line":3},"3":{"loc":{"start":{"line":48,"column":8},"end":{"line":49,"column":19}},"type":"if","locations":[{"start":{"line":48,"column":8},"end":{"line":49,"column":19}},{"start":{},"end":{}}],"line":48},"4":{"loc":{"start":{"line":51,"column":8},"end":{"line":62,"column":9}},"type":"if","locations":[{"start":{"line":51,"column":8},"end":{"line":62,"column":9}},{"start":{"line":58,"column":13},"end":{"line":62,"column":9}}],"line":51},"5":{"loc":{"start":{"line":66,"column":8},"end":{"line":67,"column":19}},"type":"if","locations":[{"start":{"line":66,"column":8},"end":{"line":67,"column":19}},{"start":{},"end":{}}],"line":66},"6":{"loc":{"start":{"line":66,"column":12},"end":{"line":66,"column":61}},"type":"binary-expr","locations":[{"start":{"line":66,"column":12},"end":{"line":66,"column":41}},{"start":{"line":66,"column":45},"end":{"line":66,"column":61}}],"line":66},"7":{"loc":{"start":{"line":68,"column":8},"end":{"line":69,"column":19}},"type":"if","locations":[{"start":{"line":68,"column":8},"end":{"line":69,"column":19}},{"start":{},"end":{}}],"line":68},"8":{"loc":{"start":{"line":72,"column":8},"end":{"line":76,"column":9}},"type":"if","locations":[{"start":{"line":72,"column":8},"end":{"line":76,"column":9}},{"start":{},"end":{}}],"line":72},"9":{"loc":{"start":{"line":82,"column":8},"end":{"line":83,"column":19}},"type":"if","locations":[{"start":{"line":82,"column":8},"end":{"line":83,"column":19}},{"start":{},"end":{}}],"line":82},"10":{"loc":{"start":{"line":84,"column":8},"end":{"line":92,"column":9}},"type":"if","locations":[{"start":{"line":84,"column":8},"end":{"line":92,"column":9}},{"start":{"line":89,"column":13},"end":{"line":92,"column":9}}],"line":84}},"s":{"0":1,"1":1,"2":1,"3":1,"4":10,"5":0,"6":0,"7":0,"8":0,"9":0,"10":0,"11":0,"12":0,"13":0,"14":0,"15":0,"16":0,"17":0,"18":0,"19":0,"20":0,"21":0,"22":0,"23":0,"24":0,"25":0,"26":0,"27":0,"28":0,"29":0,"30":0,"31":0,"32":0,"33":0,"34":0,"35":0,"36":0,"37":0,"38":0,"39":0,"40":0,"41":0,"42":0,"43":0,"44":0,"45":0,"46":0,"47":0,"48":0,"49":0,"50":0,"51":0,"52":0,"53":0,"54":0,"55":1},"f":{"0":1,"1":10,"2":0,"3":0,"4":0,"5":0,"6":0,"7":0,"8":0,"9":0,"10":0,"11":0},"b":{"0":[1,1,1],"1":[1,0],"2":[1,1],"3":[0,0],"4":[0,0],"5":[0,0],"6":[0,0],"7":[0,0],"8":[0,0],"9":[0,0],"10":[0,0]},"inputSourceMap":null,"_coverageSchema":"1a1c01bbd47fc00a2c39e90264f33305004495a9","hash":"2160a585e7122c3e09107a2b318307567d20ad35"}
,"C:\\Users\\jU\\Documents\\GitHub\\statically-strict-debugger\\js\\basicSettings.ts": {"path":"C:\\Users\\jU\\Documents\\GitHub\\statically-strict-debugger\\js\\basicSettings.ts","statementMap":{"0":{"start":{"line":1,"column":0},"end":{"line":1,"column":35}},"1":{"start":{"line":5,"column":4},"end":{"line":5,"column":12}},"2":{"start":{"line":9,"column":4},"end":{"line":16,"column":10}},"3":{"start":{"line":24,"column":17},"end":{"line":24,"column":43}},"4":{"start":{"line":25,"column":4},"end":{"line":25,"column":47}},"5":{"start":{"line":29,"column":4},"end":{"line":31,"column":13}},"6":{"start":{"line":30,"column":6},"end":{"line":30,"column":23}},"7":{"start":{"line":35,"column":4},"end":{"line":35,"column":75}},"8":{"start":{"line":36,"column":4},"end":{"line":39,"column":6}},"9":{"start":{"line":43,"column":4},"end":{"line":43,"column":79}},"10":{"start":{"line":44,"column":4},"end":{"line":47,"column":6}},"11":{"start":{"line":51,"column":17},"end":{"line":51,"column":66}},"12":{"start":{"line":52,"column":26},"end":{"line":52,"column":49}},"13":{"start":{"line":53,"column":25},"end":{"line":53,"column":61}},"14":{"start":{"line":54,"column":23},"end":{"line":57,"column":null}},"15":{"start":{"line":59,"column":4},"end":{"line":59,"column":61}},"16":{"start":{"line":67,"column":8},"end":{"line":67,"column":56}},"17":{"start":{"line":68,"column":19},"end":{"line":71,"column":null}},"18":{"start":{"line":74,"column":4},"end":{"line":74,"column":27}},"19":{"start":{"line":74,"column":20},"end":{"line":74,"column":27}},"20":{"start":{"line":76,"column":4},"end":{"line":76,"column":47}},"21":{"start":{"line":78,"column":4},"end":{"line":88,"column":5}},"22":{"start":{"line":79,"column":6},"end":{"line":79,"column":54}},"23":{"start":{"line":80,"column":6},"end":{"line":80,"column":35}},"24":{"start":{"line":81,"column":29},"end":{"line":81,"column":58}},"25":{"start":{"line":82,"column":6},"end":{"line":82,"column":75}},"26":{"start":{"line":83,"column":6},"end":{"line":83,"column":57}},"27":{"start":{"line":85,"column":6},"end":{"line":85,"column":55}},"28":{"start":{"line":86,"column":6},"end":{"line":86,"column":62}},"29":{"start":{"line":87,"column":6},"end":{"line":87,"column":25}},"30":{"start":{"line":92,"column":30},"end":{"line":92,"column":67}},"31":{"start":{"line":93,"column":4},"end":{"line":93,"column":66}},"32":{"start":{"line":93,"column":59},"end":{"line":93,"column":66}},"33":{"start":{"line":95,"column":4},"end":{"line":95,"column":31}},"34":{"start":{"line":95,"column":24},"end":{"line":95,"column":31}},"35":{"start":{"line":96,"column":4},"end":{"line":96,"column":45}},"36":{"start":{"line":98,"column":24},"end":{"line":101,"column":null}},"37":{"start":{"line":104,"column":4},"end":{"line":108,"column":5}},"38":{"start":{"line":105,"column":6},"end":{"line":105,"column":38}},"39":{"start":{"line":106,"column":6},"end":{"line":106,"column":76}},"40":{"start":{"line":107,"column":6},"end":{"line":107,"column":13}},"41":{"start":{"line":110,"column":4},"end":{"line":110,"column":35}},"42":{"start":{"line":111,"column":4},"end":{"line":111,"column":74}},"43":{"start":{"line":119,"column":8},"end":{"line":119,"column":56}},"44":{"start":{"line":121,"column":4},"end":{"line":121,"column":27}},"45":{"start":{"line":121,"column":20},"end":{"line":121,"column":27}},"46":{"start":{"line":123,"column":4},"end":{"line":130,"column":5}},"47":{"start":{"line":124,"column":6},"end":{"line":124,"column":54}},"48":{"start":{"line":125,"column":29},"end":{"line":125,"column":58}},"49":{"start":{"line":126,"column":6},"end":{"line":126,"column":75}},"50":{"start":{"line":128,"column":6},"end":{"line":128,"column":55}},"51":{"start":{"line":129,"column":6},"end":{"line":129,"column":62}},"52":{"start":{"line":134,"column":0},"end":{"line":134,"column":21}}},"fnMap":{"0":{"name":"(anonymous_1)","decl":{"start":{"line":4,"column":2},"end":{"line":4,"column":null}},"loc":{"start":{"line":4,"column":2},"end":{"line":6,"column":3}}},"1":{"name":"(anonymous_2)","decl":{"start":{"line":8,"column":2},"end":{"line":8,"column":14}},"loc":{"start":{"line":8,"column":30},"end":{"line":17,"column":3}}},"2":{"name":"(anonymous_3)","decl":{"start":{"line":19,"column":2},"end":{"line":19,"column":21}},"loc":{"start":{"line":22,"column":26},"end":{"line":26,"column":3}}},"3":{"name":"(anonymous_4)","decl":{"start":{"line":28,"column":2},"end":{"line":28,"column":20}},"loc":{"start":{"line":28,"column":41},"end":{"line":32,"column":3}}},"4":{"name":"(anonymous_5)","decl":{"start":{"line":29,"column":15},"end":{"line":29,"column":18}},"loc":{"start":{"line":29,"column":20},"end":{"line":31,"column":5}}},"5":{"name":"(anonymous_6)","decl":{"start":{"line":34,"column":2},"end":{"line":34,"column":15}},"loc":{"start":{"line":34,"column":47},"end":{"line":40,"column":3}}},"6":{"name":"(anonymous_7)","decl":{"start":{"line":42,"column":2},"end":{"line":42,"column":16}},"loc":{"start":{"line":42,"column":48},"end":{"line":48,"column":3}}},"7":{"name":"(anonymous_8)","decl":{"start":{"line":50,"column":2},"end":{"line":50,"column":25}},"loc":{"start":{"line":50,"column":57},"end":{"line":60,"column":3}}},"8":{"name":"(anonymous_9)","decl":{"start":{"line":62,"column":2},"end":{"line":62,"column":19}},"loc":{"start":{"line":62,"column":51},"end":{"line":89,"column":3}}},"9":{"name":"(anonymous_10)","decl":{"start":{"line":91,"column":2},"end":{"line":91,"column":28}},"loc":{"start":{"line":91,"column":68},"end":{"line":112,"column":3}}},"10":{"name":"(anonymous_11)","decl":{"start":{"line":114,"column":2},"end":{"line":114,"column":13}},"loc":{"start":{"line":114,"column":65},"end":{"line":131,"column":3}}}},"branchMap":{"0":{"loc":{"start":{"line":74,"column":4},"end":{"line":74,"column":27}},"type":"if","locations":[{"start":{"line":74,"column":4},"end":{"line":74,"column":27}}]},"1":{"loc":{"start":{"line":78,"column":4},"end":{"line":88,"column":5}},"type":"if","locations":[{"start":{"line":78,"column":4},"end":{"line":88,"column":5}},{"start":{"line":84,"column":11},"end":{"line":88,"column":5}}]},"2":{"loc":{"start":{"line":93,"column":4},"end":{"line":93,"column":66}},"type":"if","locations":[{"start":{"line":93,"column":4},"end":{"line":93,"column":66}}]},"3":{"loc":{"start":{"line":93,"column":8},"end":{"line":93,"column":57}},"type":"binary-expr","locations":[{"start":{"line":93,"column":8},"end":{"line":93,"column":37}},{"start":{"line":93,"column":41},"end":{"line":93,"column":57}}]},"4":{"loc":{"start":{"line":95,"column":4},"end":{"line":95,"column":31}},"type":"if","locations":[{"start":{"line":95,"column":4},"end":{"line":95,"column":31}}]},"5":{"loc":{"start":{"line":104,"column":4},"end":{"line":108,"column":5}},"type":"if","locations":[{"start":{"line":104,"column":4},"end":{"line":108,"column":5}}]},"6":{"loc":{"start":{"line":121,"column":4},"end":{"line":121,"column":27}},"type":"if","locations":[{"start":{"line":121,"column":4},"end":{"line":121,"column":27}}]},"7":{"loc":{"start":{"line":123,"column":4},"end":{"line":130,"column":5}},"type":"if","locations":[{"start":{"line":123,"column":4},"end":{"line":130,"column":5}},{"start":{"line":127,"column":11},"end":{"line":130,"column":5}}]}},"s":{"0":1,"1":9,"2":2,"3":1,"4":1,"5":1,"6":1,"7":4,"8":4,"9":3,"10":3,"11":7,"12":7,"13":7,"14":7,"15":7,"16":3,"17":3,"18":3,"19":0,"20":3,"21":3,"22":2,"23":2,"24":2,"25":2,"26":2,"27":1,"28":1,"29":1,"30":2,"31":2,"32":0,"33":2,"34":0,"35":2,"36":2,"37":2,"38":1,"39":1,"40":1,"41":1,"42":1,"43":2,"44":2,"45":0,"46":2,"47":1,"48":1,"49":1,"50":1,"51":1,"52":1},"f":{"0":9,"1":2,"2":1,"3":1,"4":1,"5":4,"6":3,"7":7,"8":3,"9":2,"10":2},"b":{"0":[0],"1":[2,1],"2":[0],"3":[2,2],"4":[0],"5":[1],"6":[0],"7":[1,1]}}
,"C:\\Users\\jU\\Documents\\GitHub\\statically-strict-debugger\\js\\general.js": {"path":"C:\\Users\\jU\\Documents\\GitHub\\statically-strict-debugger\\js\\general.js","statementMap":{"0":{"start":{"line":2,"column":0},"end":{"line":2,"column":62}},"1":{"start":{"line":6,"column":21},"end":{"line":70,"column":5}},"2":{"start":{"line":71,"column":22},"end":{"line":76,"column":5}},"3":{"start":{"line":78,"column":8},"end":{"line":78,"column":31}},"4":{"start":{"line":79,"column":8},"end":{"line":79,"column":32}},"5":{"start":{"line":82,"column":8},"end":{"line":82,"column":41}},"6":{"start":{"line":85,"column":8},"end":{"line":85,"column":36}},"7":{"start":{"line":88,"column":32},"end":{"line":88,"column":98}},"8":{"start":{"line":89,"column":21},"end":{"line":89,"column":64}},"9":{"start":{"line":90,"column":8},"end":{"line":90,"column":26}},"10":{"start":{"line":93,"column":21},"end":{"line":93,"column":93}},"11":{"start":{"line":94,"column":21},"end":{"line":94,"column":44}},"12":{"start":{"line":95,"column":8},"end":{"line":95,"column":20}},"13":{"start":{"line":98,"column":8},"end":{"line":98,"column":56}},"14":{"start":{"line":101,"column":8},"end":{"line":105,"column":10}},"15":{"start":{"line":108,"column":21},"end":{"line":108,"column":47}},"16":{"start":{"line":109,"column":8},"end":{"line":109,"column":51}},"17":{"start":{"line":112,"column":8},"end":{"line":114,"column":17}},"18":{"start":{"line":113,"column":12},"end":{"line":113,"column":29}},"19":{"start":{"line":117,"column":8},"end":{"line":117,"column":50}},"20":{"start":{"line":120,"column":32},"end":{"line":120,"column":75}},"21":{"start":{"line":121,"column":8},"end":{"line":123,"column":19}},"22":{"start":{"line":126,"column":8},"end":{"line":126,"column":63}},"23":{"start":{"line":129,"column":8},"end":{"line":129,"column":28}},"24":{"start":{"line":132,"column":8},"end":{"line":132,"column":36}},"25":{"start":{"line":135,"column":8},"end":{"line":135,"column":43}},"26":{"start":{"line":138,"column":8},"end":{"line":138,"column":43}},"27":{"start":{"line":141,"column":8},"end":{"line":141,"column":40}},"28":{"start":{"line":145,"column":8},"end":{"line":157,"column":9}},"29":{"start":{"line":146,"column":12},"end":{"line":146,"column":48}},"30":{"start":{"line":148,"column":13},"end":{"line":157,"column":9}},"31":{"start":{"line":149,"column":37},"end":{"line":149,"column":78}},"32":{"start":{"line":150,"column":12},"end":{"line":150,"column":59}},"33":{"start":{"line":152,"column":13},"end":{"line":157,"column":9}},"34":{"start":{"line":153,"column":12},"end":{"line":153,"column":54}},"35":{"start":{"line":156,"column":12},"end":{"line":156,"column":56}},"36":{"start":{"line":158,"column":30},"end":{"line":158,"column":68}},"37":{"start":{"line":159,"column":8},"end":{"line":160,"column":19}},"38":{"start":{"line":160,"column":12},"end":{"line":160,"column":19}},"39":{"start":{"line":161,"column":8},"end":{"line":161,"column":44}},"40":{"start":{"line":164,"column":22},"end":{"line":164,"column":37}},"41":{"start":{"line":165,"column":24},"end":{"line":165,"column":39}},"42":{"start":{"line":166,"column":8},"end":{"line":166,"column":23}},"43":{"start":{"line":169,"column":0},"end":{"line":169,"column":26}}},"fnMap":{"0":{"name":"(anonymous_0)","decl":{"start":{"line":77,"column":4},"end":{"line":77,"column":5}},"loc":{"start":{"line":77,"column":18},"end":{"line":80,"column":5}},"line":77},"1":{"name":"(anonymous_1)","decl":{"start":{"line":81,"column":4},"end":{"line":81,"column":5}},"loc":{"start":{"line":81,"column":23},"end":{"line":83,"column":5}},"line":81},"2":{"name":"(anonymous_2)","decl":{"start":{"line":84,"column":4},"end":{"line":84,"column":5}},"loc":{"start":{"line":84,"column":14},"end":{"line":86,"column":5}},"line":84},"3":{"name":"(anonymous_3)","decl":{"start":{"line":87,"column":4},"end":{"line":87,"column":5}},"loc":{"start":{"line":87,"column":92},"end":{"line":91,"column":5}},"line":87},"4":{"name":"(anonymous_4)","decl":{"start":{"line":92,"column":4},"end":{"line":92,"column":5}},"loc":{"start":{"line":92,"column":64},"end":{"line":96,"column":5}},"line":92},"5":{"name":"(anonymous_5)","decl":{"start":{"line":97,"column":4},"end":{"line":97,"column":5}},"loc":{"start":{"line":97,"column":45},"end":{"line":99,"column":5}},"line":97},"6":{"name":"(anonymous_6)","decl":{"start":{"line":100,"column":4},"end":{"line":100,"column":5}},"loc":{"start":{"line":100,"column":26},"end":{"line":106,"column":5}},"line":100},"7":{"name":"(anonymous_7)","decl":{"start":{"line":107,"column":4},"end":{"line":107,"column":5}},"loc":{"start":{"line":107,"column":54},"end":{"line":110,"column":5}},"line":107},"8":{"name":"(anonymous_8)","decl":{"start":{"line":111,"column":4},"end":{"line":111,"column":5}},"loc":{"start":{"line":111,"column":32},"end":{"line":115,"column":5}},"line":111},"9":{"name":"(anonymous_9)","decl":{"start":{"line":112,"column":19},"end":{"line":112,"column":20}},"loc":{"start":{"line":112,"column":25},"end":{"line":114,"column":9}},"line":112},"10":{"name":"(anonymous_10)","decl":{"start":{"line":116,"column":4},"end":{"line":116,"column":5}},"loc":{"start":{"line":116,"column":25},"end":{"line":118,"column":5}},"line":116},"11":{"name":"(anonymous_11)","decl":{"start":{"line":119,"column":4},"end":{"line":119,"column":5}},"loc":{"start":{"line":119,"column":72},"end":{"line":124,"column":5}},"line":119},"12":{"name":"(anonymous_12)","decl":{"start":{"line":125,"column":4},"end":{"line":125,"column":5}},"loc":{"start":{"line":125,"column":50},"end":{"line":127,"column":5}},"line":125},"13":{"name":"(anonymous_13)","decl":{"start":{"line":128,"column":4},"end":{"line":128,"column":5}},"loc":{"start":{"line":128,"column":30},"end":{"line":130,"column":5}},"line":128},"14":{"name":"(anonymous_14)","decl":{"start":{"line":131,"column":4},"end":{"line":131,"column":5}},"loc":{"start":{"line":131,"column":38},"end":{"line":133,"column":5}},"line":131},"15":{"name":"(anonymous_15)","decl":{"start":{"line":134,"column":4},"end":{"line":134,"column":5}},"loc":{"start":{"line":134,"column":26},"end":{"line":136,"column":5}},"line":134},"16":{"name":"(anonymous_16)","decl":{"start":{"line":137,"column":4},"end":{"line":137,"column":5}},"loc":{"start":{"line":137,"column":26},"end":{"line":139,"column":5}},"line":137},"17":{"name":"(anonymous_17)","decl":{"start":{"line":140,"column":4},"end":{"line":140,"column":5}},"loc":{"start":{"line":140,"column":23},"end":{"line":142,"column":5}},"line":140},"18":{"name":"(anonymous_18)","decl":{"start":{"line":143,"column":4},"end":{"line":143,"column":5}},"loc":{"start":{"line":143,"column":34},"end":{"line":162,"column":5}},"line":143},"19":{"name":"(anonymous_19)","decl":{"start":{"line":163,"column":4},"end":{"line":163,"column":5}},"loc":{"start":{"line":163,"column":32},"end":{"line":167,"column":5}},"line":163}},"branchMap":{"0":{"loc":{"start":{"line":87,"column":38},"end":{"line":87,"column":67}},"type":"default-arg","locations":[{"start":{"line":87,"column":59},"end":{"line":87,"column":67}}],"line":87},"1":{"loc":{"start":{"line":87,"column":69},"end":{"line":87,"column":90}},"type":"default-arg","locations":[{"start":{"line":87,"column":87},"end":{"line":87,"column":90}}],"line":87},"2":{"loc":{"start":{"line":90,"column":15},"end":{"line":90,"column":25}},"type":"binary-expr","locations":[{"start":{"line":90,"column":15},"end":{"line":90,"column":19}},{"start":{"line":90,"column":23},"end":{"line":90,"column":25}}],"line":90},"3":{"loc":{"start":{"line":121,"column":15},"end":{"line":123,"column":18}},"type":"cond-expr","locations":[{"start":{"line":122,"column":14},"end":{"line":122,"column":58}},{"start":{"line":123,"column":14},"end":{"line":123,"column":18}}],"line":121},"4":{"loc":{"start":{"line":145,"column":8},"end":{"line":157,"column":9}},"type":"if","locations":[{"start":{"line":145,"column":8},"end":{"line":157,"column":9}},{"start":{"line":148,"column":13},"end":{"line":157,"column":9}}],"line":145},"5":{"loc":{"start":{"line":148,"column":13},"end":{"line":157,"column":9}},"type":"if","locations":[{"start":{"line":148,"column":13},"end":{"line":157,"column":9}},{"start":{"line":152,"column":13},"end":{"line":157,"column":9}}],"line":148},"6":{"loc":{"start":{"line":152,"column":13},"end":{"line":157,"column":9}},"type":"if","locations":[{"start":{"line":152,"column":13},"end":{"line":157,"column":9}},{"start":{"line":155,"column":13},"end":{"line":157,"column":9}}],"line":152},"7":{"loc":{"start":{"line":159,"column":8},"end":{"line":160,"column":19}},"type":"if","locations":[{"start":{"line":159,"column":8},"end":{"line":160,"column":19}},{"start":{},"end":{}}],"line":159}},"s":{"0":2,"1":19,"2":19,"3":19,"4":19,"5":9,"6":0,"7":7,"8":7,"9":7,"10":0,"11":0,"12":0,"13":1,"14":0,"15":0,"16":0,"17":0,"18":0,"19":0,"20":19,"21":19,"22":5,"23":0,"24":0,"25":0,"26":0,"27":0,"28":0,"29":0,"30":0,"31":0,"32":0,"33":0,"34":0,"35":0,"36":0,"37":0,"38":0,"39":0,"40":0,"41":0,"42":0,"43":2},"f":{"0":19,"1":9,"2":0,"3":7,"4":0,"5":1,"6":0,"7":0,"8":0,"9":0,"10":0,"11":19,"12":5,"13":0,"14":0,"15":0,"16":0,"17":0,"18":0,"19":0},"b":{"0":[7],"1":[7],"2":[7,0],"3":[19,0],"4":[0,0],"5":[0,0],"6":[0,0],"7":[0,0]},"inputSourceMap":null,"_coverageSchema":"1a1c01bbd47fc00a2c39e90264f33305004495a9","hash":"588cddefdfad2a6c3684000463c836d48bcf8645"}
,"C:\\Users\\jU\\Documents\\GitHub\\statically-strict-debugger\\js\\general.ts": {"path":"C:\\Users\\jU\\Documents\\GitHub\\statically-strict-debugger\\js\\general.ts","statementMap":{"0":{"start":{"line":17,"column":2},"end":{"line":81,"column":4}},"1":{"start":{"line":83,"column":2},"end":{"line":88,"column":4}},"2":{"start":{"line":91,"column":4},"end":{"line":91,"column":27}},"3":{"start":{"line":92,"column":4},"end":{"line":92,"column":28}},"4":{"start":{"line":96,"column":4},"end":{"line":96,"column":37}},"5":{"start":{"line":100,"column":4},"end":{"line":100,"column":32}},"6":{"start":{"line":108,"column":28},"end":{"line":111,"column":null}},"7":{"start":{"line":113,"column":17},"end":{"line":113,"column":60}},"8":{"start":{"line":114,"column":4},"end":{"line":114,"column":22}},"9":{"start":{"line":122,"column":17},"end":{"line":125,"column":null}},"10":{"start":{"line":127,"column":17},"end":{"line":127,"column":40}},"11":{"start":{"line":128,"column":4},"end":{"line":128,"column":16}},"12":{"start":{"line":136,"column":4},"end":{"line":136,"column":52}},"13":{"start":{"line":140,"column":4},"end":{"line":144,"column":10}},"14":{"start":{"line":152,"column":17},"end":{"line":152,"column":43}},"15":{"start":{"line":153,"column":4},"end":{"line":153,"column":47}},"16":{"start":{"line":157,"column":4},"end":{"line":159,"column":13}},"17":{"start":{"line":158,"column":6},"end":{"line":158,"column":23}},"18":{"start":{"line":163,"column":4},"end":{"line":163,"column":46}},"19":{"start":{"line":171,"column":28},"end":{"line":171,"column":71}},"20":{"start":{"line":172,"column":4},"end":{"line":174,"column":13}},"21":{"start":{"line":178,"column":4},"end":{"line":178,"column":59}},"22":{"start":{"line":182,"column":4},"end":{"line":182,"column":24}},"23":{"start":{"line":186,"column":4},"end":{"line":186,"column":32}},"24":{"start":{"line":190,"column":4},"end":{"line":190,"column":39}},"25":{"start":{"line":194,"column":4},"end":{"line":194,"column":39}},"26":{"start":{"line":197,"column":4},"end":{"line":197,"column":36}},"27":{"start":{"line":202,"column":4},"end":{"line":211,"column":5}},"28":{"start":{"line":203,"column":6},"end":{"line":203,"column":42}},"29":{"start":{"line":204,"column":11},"end":{"line":211,"column":5}},"30":{"start":{"line":205,"column":31},"end":{"line":205,"column":72}},"31":{"start":{"line":206,"column":6},"end":{"line":206,"column":53}},"32":{"start":{"line":207,"column":11},"end":{"line":211,"column":5}},"33":{"start":{"line":208,"column":6},"end":{"line":208,"column":48}},"34":{"start":{"line":210,"column":6},"end":{"line":210,"column":50}},"35":{"start":{"line":213,"column":26},"end":{"line":213,"column":79}},"36":{"start":{"line":215,"column":4},"end":{"line":215,"column":37}},"37":{"start":{"line":215,"column":30},"end":{"line":215,"column":37}},"38":{"start":{"line":217,"column":4},"end":{"line":217,"column":40}},"39":{"start":{"line":221,"column":18},"end":{"line":221,"column":33}},"40":{"start":{"line":222,"column":20},"end":{"line":222,"column":35}},"41":{"start":{"line":223,"column":4},"end":{"line":223,"column":19}},"42":{"start":{"line":227,"column":0},"end":{"line":227,"column":23}}},"fnMap":{"0":{"name":"(anonymous_0)","decl":{"start":{"line":90,"column":2},"end":{"line":90,"column":null}},"loc":{"start":{"line":90,"column":2},"end":{"line":93,"column":3}}},"1":{"name":"(anonymous_1)","decl":{"start":{"line":95,"column":2},"end":{"line":95,"column":14}},"loc":{"start":{"line":95,"column":27},"end":{"line":97,"column":3}}},"2":{"name":"(anonymous_2)","decl":{"start":{"line":99,"column":2},"end":{"line":99,"column":9}},"loc":{"start":{"line":99,"column":9},"end":{"line":101,"column":3}}},"3":{"name":"(anonymous_3)","decl":{"start":{"line":103,"column":2},"end":{"line":103,"column":26}},"loc":{"start":{"line":106,"column":25},"end":{"line":115,"column":3}}},"4":{"name":"(anonymous_4)","decl":{"start":{"line":117,"column":2},"end":{"line":117,"column":18}},"loc":{"start":{"line":120,"column":24},"end":{"line":129,"column":3}}},"5":{"name":"(anonymous_5)","decl":{"start":{"line":131,"column":2},"end":{"line":131,"column":12}},"loc":{"start":{"line":134,"column":26},"end":{"line":137,"column":3}}},"6":{"name":"(anonymous_6)","decl":{"start":{"line":139,"column":2},"end":{"line":139,"column":14}},"loc":{"start":{"line":139,"column":30},"end":{"line":145,"column":3}}},"7":{"name":"(anonymous_7)","decl":{"start":{"line":147,"column":2},"end":{"line":147,"column":21}},"loc":{"start":{"line":150,"column":26},"end":{"line":154,"column":3}}},"8":{"name":"(anonymous_8)","decl":{"start":{"line":156,"column":2},"end":{"line":156,"column":20}},"loc":{"start":{"line":156,"column":41},"end":{"line":160,"column":3}}},"9":{"name":"(anonymous_9)","decl":{"start":{"line":157,"column":15},"end":{"line":157,"column":18}},"loc":{"start":{"line":157,"column":20},"end":{"line":159,"column":5}}},"10":{"name":"(anonymous_10)","decl":{"start":{"line":162,"column":2},"end":{"line":162,"column":10}},"loc":{"start":{"line":162,"column":29},"end":{"line":164,"column":3}}},"11":{"name":"(anonymous_11)","decl":{"start":{"line":166,"column":2},"end":{"line":166,"column":17}},"loc":{"start":{"line":169,"column":25},"end":{"line":175,"column":3}}},"12":{"name":"(anonymous_12)","decl":{"start":{"line":177,"column":2},"end":{"line":177,"column":22}},"loc":{"start":{"line":177,"column":67},"end":{"line":179,"column":3}}},"13":{"name":"(anonymous_13)","decl":{"start":{"line":181,"column":2},"end":{"line":181,"column":21}},"loc":{"start":{"line":181,"column":41},"end":{"line":183,"column":3}}},"14":{"name":"(anonymous_14)","decl":{"start":{"line":185,"column":2},"end":{"line":185,"column":19}},"loc":{"start":{"line":185,"column":55},"end":{"line":187,"column":3}}},"15":{"name":"(anonymous_15)","decl":{"start":{"line":189,"column":2},"end":{"line":189,"column":14}},"loc":{"start":{"line":189,"column":35},"end":{"line":191,"column":3}}},"16":{"name":"(anonymous_16)","decl":{"start":{"line":193,"column":2},"end":{"line":193,"column":14}},"loc":{"start":{"line":193,"column":35},"end":{"line":195,"column":3}}},"17":{"name":"(anonymous_17)","decl":{"start":{"line":196,"column":2},"end":{"line":196,"column":11}},"loc":{"start":{"line":196,"column":32},"end":{"line":198,"column":3}}},"18":{"name":"(anonymous_18)","decl":{"start":{"line":200,"column":2},"end":{"line":200,"column":21}},"loc":{"start":{"line":200,"column":45},"end":{"line":218,"column":3}}},"19":{"name":"(anonymous_19)","decl":{"start":{"line":220,"column":2},"end":{"line":220,"column":23}},"loc":{"start":{"line":220,"column":36},"end":{"line":224,"column":3}}}},"branchMap":{"0":{"loc":{"start":{"line":105,"column":4},"end":{"line":105,"column":33}},"type":"default-arg","locations":[{"start":{"line":105,"column":25},"end":{"line":105,"column":33}}]},"1":{"loc":{"start":{"line":106,"column":4},"end":{"line":106,"column":25}},"type":"default-arg","locations":[{"start":{"line":106,"column":22},"end":{"line":106,"column":25}}]},"2":{"loc":{"start":{"line":114,"column":11},"end":{"line":114,"column":21}},"type":"binary-expr","locations":[{"start":{"line":114,"column":11},"end":{"line":114,"column":15}},{"start":{"line":114,"column":19},"end":{"line":114,"column":21}}]},"3":{"loc":{"start":{"line":172,"column":11},"end":{"line":174,"column":12}},"type":"cond-expr","locations":[{"start":{"line":173,"column":8},"end":{"line":173,"column":52}},{"start":{"line":174,"column":8},"end":{"line":174,"column":12}}]},"4":{"loc":{"start":{"line":202,"column":4},"end":{"line":211,"column":5}},"type":"if","locations":[{"start":{"line":202,"column":4},"end":{"line":211,"column":5}},{"start":{"line":204,"column":11},"end":{"line":211,"column":5}}]},"5":{"loc":{"start":{"line":204,"column":11},"end":{"line":211,"column":5}},"type":"if","locations":[{"start":{"line":204,"column":11},"end":{"line":211,"column":5}},{"start":{"line":207,"column":11},"end":{"line":211,"column":5}}]},"6":{"loc":{"start":{"line":207,"column":11},"end":{"line":211,"column":5}},"type":"if","locations":[{"start":{"line":207,"column":11},"end":{"line":211,"column":5}},{"start":{"line":209,"column":11},"end":{"line":211,"column":5}}]},"7":{"loc":{"start":{"line":215,"column":4},"end":{"line":215,"column":37}},"type":"if","locations":[{"start":{"line":215,"column":4},"end":{"line":215,"column":37}}]}},"s":{"0":14,"1":14,"2":14,"3":14,"4":2,"5":1,"6":2,"7":2,"8":2,"9":1,"10":1,"11":1,"12":2,"13":2,"14":1,"15":1,"16":1,"17":1,"18":1,"19":4,"20":4,"21":1,"22":0,"23":1,"24":0,"25":0,"26":0,"27":1,"28":0,"29":1,"30":1,"31":1,"32":0,"33":0,"34":0,"35":1,"36":1,"37":1,"38":0,"39":1,"40":1,"41":1,"42":1},"f":{"0":14,"1":2,"2":1,"3":2,"4":1,"5":2,"6":2,"7":1,"8":1,"9":1,"10":1,"11":4,"12":1,"13":0,"14":1,"15":0,"16":0,"17":0,"18":1,"19":1},"b":{"0":[1],"1":[1],"2":[2,0],"3":[3,1],"4":[0,1],"5":[1,0],"6":[0,0],"7":[1]}}
}
