TN:
SF:js\general.ts
FN:90,(anonymous_0)
FN:95,(anonymous_1)
FN:99,(anonymous_2)
FN:103,(anonymous_3)
FN:117,(anonymous_4)
FN:131,(anonymous_5)
FN:139,(anonymous_6)
FN:147,(anonymous_7)
FN:156,(anonymous_8)
FN:157,(anonymous_9)
FN:162,(anonymous_10)
FN:166,(anonymous_11)
FN:177,(anonymous_12)
FN:181,(anonymous_13)
FN:185,(anonymous_14)
FN:189,(anonymous_15)
FN:193,(anonymous_16)
FN:196,(anonymous_17)
FN:200,(anonymous_18)
FN:220,(anonymous_19)
FNF:20
FNH:15
FNDA:14,(anonymous_0)
FNDA:2,(anonymous_1)
FNDA:1,(anonymous_2)
FNDA:2,(anonymous_3)
FNDA:1,(anonymous_4)
FNDA:2,(anonymous_5)
FNDA:2,(anonymous_6)
FNDA:1,(anonymous_7)
FNDA:1,(anonymous_8)
FNDA:1,(anonymous_9)
FNDA:1,(anonymous_10)
FNDA:4,(anonymous_11)
FNDA:1,(anonymous_12)
FNDA:0,(anonymous_13)
FNDA:1,(anonymous_14)
FNDA:0,(anonymous_15)
FNDA:0,(anonymous_16)
FNDA:0,(anonymous_17)
FNDA:1,(anonymous_18)
FNDA:0,(anonymous_19)
DA:17,14
DA:83,14
DA:91,14
DA:92,14
DA:96,2
DA:100,1
DA:108,2
DA:113,2
DA:114,2
DA:122,1
DA:127,1
DA:128,1
DA:136,2
DA:140,2
DA:152,1
DA:153,1
DA:157,1
DA:158,1
DA:163,1
DA:171,4
DA:172,4
DA:178,1
DA:182,0
DA:186,1
DA:190,0
DA:194,0
DA:197,0
DA:202,1
DA:203,0
DA:204,1
DA:205,0
DA:206,0
DA:207,1
DA:208,0
DA:210,1
DA:213,1
DA:215,1
DA:217,0
DA:221,0
DA:222,0
DA:223,0
DA:227,1
LF:42
LH:30
BRDA:105,0,0,1
BRDA:106,1,0,1
BRDA:114,2,0,2
BRDA:114,2,1,0
BRDA:172,3,0,3
BRDA:172,3,1,1
BRDA:202,4,0,0
BRDA:202,4,1,1
BRDA:204,5,0,0
BRDA:204,5,1,1
BRDA:207,6,0,0
BRDA:207,6,1,1
BRDA:215,7,0,1
BRF:13
BRH:9
end_of_record
