TN:
SF:js\advanceSettings.js
FN:2,(anonymous_0)
FN:8,(anonymous_1)
FN:101,(anonymous_2)
FN:111,(anonymous_3)
FN:115,(anonymous_4)
FN:125,(anonymous_5)
FN:132,(anonymous_6)
FN:151,(anonymous_7)
FN:170,(anonymous_8)
FN:176,(anonymous_9)
FN:182,(anonymous_10)
FN:186,(anonymous_11)
FN:189,(anonymous_12)
FN:192,(anonymous_13)
FN:202,(anonymous_14)
FN:208,(anonymous_15)
FN:209,(anonymous_16)
FN:210,(anonymous_17)
FN:224,(anonymous_18)
FNF:19
FNH:2
FNDA:1,(anonymous_0)
FNDA:1,(anonymous_1)
FNDA:0,(anonymous_2)
FNDA:0,(anonymous_3)
FNDA:0,(anonymous_4)
FNDA:0,(anonymous_5)
FNDA:0,(anonymous_6)
FNDA:0,(anonymous_7)
FNDA:0,(anonymous_8)
FNDA:0,(anonymous_9)
FNDA:0,(anonymous_10)
FNDA:0,(anonymous_11)
FNDA:0,(anonymous_12)
FNDA:0,(anonymous_13)
FNDA:0,(anonymous_14)
FNDA:0,(anonymous_15)
FNDA:0,(anonymous_16)
FNDA:0,(anonymous_17)
FNDA:0,(anonymous_18)
DA:2,1
DA:3,1
DA:5,1
DA:6,1
DA:9,1
DA:12,0
DA:13,0
DA:79,0
DA:80,0
DA:102,0
DA:103,0
DA:104,0
DA:105,0
DA:107,0
DA:109,0
DA:112,0
DA:113,0
DA:116,0
DA:117,0
DA:119,0
DA:120,0
DA:123,0
DA:126,0
DA:127,0
DA:128,0
DA:130,0
DA:133,0
DA:134,0
DA:136,0
DA:137,0
DA:138,0
DA:139,0
DA:140,0
DA:141,0
DA:143,0
DA:144,0
DA:146,0
DA:148,0
DA:152,0
DA:153,0
DA:155,0
DA:156,0
DA:157,0
DA:158,0
DA:159,0
DA:160,0
DA:162,0
DA:163,0
DA:165,0
DA:167,0
DA:171,0
DA:172,0
DA:173,0
DA:174,0
DA:177,0
DA:178,0
DA:179,0
DA:180,0
DA:183,0
DA:184,0
DA:187,0
DA:190,0
DA:193,0
DA:194,0
DA:195,0
DA:196,0
DA:197,0
DA:198,0
DA:199,0
DA:200,0
DA:203,0
DA:204,0
DA:205,0
DA:206,0
DA:209,0
DA:210,0
DA:211,0
DA:212,0
DA:215,0
DA:217,0
DA:221,0
DA:225,0
DA:226,0
DA:229,1
LF:84
LH:6
BRDA:2,0,0,1
BRDA:2,0,1,1
BRDA:2,0,2,1
BRDA:3,1,0,1
BRDA:3,1,1,0
BRDA:3,2,0,1
BRDA:3,2,1,1
BRDA:119,3,0,0
BRDA:119,3,1,0
BRDA:127,4,0,0
BRDA:127,4,1,0
BRDA:136,5,0,0
BRDA:136,5,1,0
BRDA:139,6,0,0
BRDA:139,6,1,0
BRDA:155,7,0,0
BRDA:155,7,1,0
BRDA:158,8,0,0
BRDA:158,8,1,0
BRDA:171,9,0,0
BRDA:171,9,1,0
BRDA:178,10,0,0
BRDA:178,10,1,0
BRDA:212,11,0,0
BRDA:212,11,1,0
BRDA:212,12,0,0
BRDA:212,12,1,0
BRDA:212,12,2,0
BRF:28
BRH:6
end_of_record
TN:
SF:js\advanceSettings.ts
FN:7,(anonymous_2)
FN:103,(anonymous_3)
FN:120,(anonymous_4)
FN:129,(anonymous_5)
FN:142,(anonymous_6)
FN:157,(anonymous_7)
FN:190,(anonymous_8)
FN:222,(anonymous_9)
FN:228,(anonymous_10)
FN:234,(anonymous_11)
FN:239,(anonymous_12)
FN:243,(anonymous_13)
FN:247,(anonymous_14)
FN:260,(anonymous_15)
FN:267,(anonymous_16)
FN:268,(anonymous_17)
FN:269,(anonymous_18)
FN:289,(anonymous_19)
FN:11,_AdvanceSettings_markup
FN:77,_AdvanceSettings_analyticsUsage
FNF:20
FNH:11
FNDA:10,(anonymous_2)
FNDA:0,(anonymous_3)
FNDA:1,(anonymous_4)
FNDA:1,(anonymous_5)
FNDA:1,(anonymous_6)
FNDA:1,(anonymous_7)
FNDA:1,(anonymous_8)
FNDA:2,(anonymous_9)
FNDA:1,(anonymous_10)
FNDA:0,(anonymous_11)
FNDA:1,(anonymous_12)
FNDA:0,(anonymous_13)
FNDA:2,(anonymous_14)
FNDA:1,(anonymous_15)
FNDA:0,(anonymous_16)
FNDA:0,(anonymous_17)
FNDA:0,(anonymous_18)
FNDA:0,(anonymous_19)
FNDA:0,_AdvanceSettings_markup
FNDA:0,_AdvanceSettings_analyticsUsage
DA:2,1
DA:8,10
DA:11,1
DA:12,0
DA:13,0
DA:80,0
DA:81,0
DA:104,0
DA:105,0
DA:106,0
DA:107,0
DA:110,0
DA:117,0
DA:121,1
DA:126,1
DA:130,1
DA:131,1
DA:134,1
DA:135,1
DA:139,1
DA:146,1
DA:151,1
DA:152,1
DA:154,1
DA:158,1
DA:163,1
DA:166,1
DA:168,1
DA:173,1
DA:174,1
DA:176,1
DA:179,1
DA:180,1
DA:183,1
DA:186,1
DA:191,1
DA:196,1
DA:199,1
DA:201,1
DA:206,1
DA:207,1
DA:208,1
DA:211,1
DA:212,1
DA:215,1
DA:218,1
DA:223,2
DA:224,2
DA:225,2
DA:229,1
DA:230,1
DA:231,0
DA:235,0
DA:236,0
DA:240,1
DA:244,0
DA:248,2
DA:250,2
DA:251,2
DA:252,2
DA:253,2
DA:254,2
DA:255,2
DA:257,2
DA:261,1
DA:262,1
DA:263,1
DA:264,1
DA:268,0
DA:269,0
DA:270,0
DA:272,0
DA:277,0
DA:280,0
DA:285,0
DA:290,0
DA:291,0
DA:295,1
LF:78
LH:55
BRDA:134,0,0,1
BRDA:151,1,0,1
BRDA:166,2,0,0
BRDA:173,3,0,1
BRDA:199,4,0,0
BRDA:206,5,0,1
BRDA:223,6,0,0
BRDA:230,7,0,1
BRDA:272,8,0,0
BRDA:273,9,0,0
BRDA:273,9,1,0
BRDA:273,9,2,0
BRF:12
BRH:5
end_of_record
TN:
SF:js\basicSettings.js
FN:2,(anonymous_0)
FN:8,(anonymous_1)
FN:11,(anonymous_2)
FN:21,(anonymous_3)
FN:25,(anonymous_4)
FN:26,(anonymous_5)
FN:30,(anonymous_6)
FN:34,(anonymous_7)
FN:38,(anonymous_8)
FN:45,(anonymous_9)
FN:64,(anonymous_10)
FN:80,(anonymous_11)
FNF:12
FNH:2
FNDA:2,(anonymous_0)
FNDA:12,(anonymous_1)
FNDA:0,(anonymous_2)
FNDA:0,(anonymous_3)
FNDA:0,(anonymous_4)
FNDA:0,(anonymous_5)
FNDA:0,(anonymous_6)
FNDA:0,(anonymous_7)
FNDA:0,(anonymous_8)
FNDA:0,(anonymous_9)
FNDA:0,(anonymous_10)
FNDA:0,(anonymous_11)
DA:2,2
DA:3,2
DA:5,2
DA:6,2
DA:9,12
DA:12,0
DA:22,0
DA:23,0
DA:26,0
DA:27,0
DA:31,0
DA:32,0
DA:35,0
DA:36,0
DA:39,0
DA:40,0
DA:41,0
DA:42,0
DA:43,0
DA:46,0
DA:47,0
DA:48,0
DA:49,0
DA:50,0
DA:51,0
DA:52,0
DA:53,0
DA:54,0
DA:55,0
DA:56,0
DA:59,0
DA:60,0
DA:61,0
DA:65,0
DA:66,0
DA:67,0
DA:68,0
DA:69,0
DA:70,0
DA:71,0
DA:72,0
DA:73,0
DA:74,0
DA:75,0
DA:77,0
DA:78,0
DA:81,0
DA:82,0
DA:83,0
DA:84,0
DA:85,0
DA:86,0
DA:87,0
DA:90,0
DA:91,0
DA:95,2
LF:56
LH:6
BRDA:2,0,0,2
BRDA:2,0,1,2
BRDA:2,0,2,2
BRDA:3,1,0,2
BRDA:3,1,1,0
BRDA:3,2,0,2
BRDA:3,2,1,2
BRDA:48,3,0,0
BRDA:48,3,1,0
BRDA:51,4,0,0
BRDA:51,4,1,0
BRDA:66,5,0,0
BRDA:66,5,1,0
BRDA:66,6,0,0
BRDA:66,6,1,0
BRDA:68,7,0,0
BRDA:68,7,1,0
BRDA:72,8,0,0
BRDA:72,8,1,0
BRDA:82,9,0,0
BRDA:82,9,1,0
BRDA:84,10,0,0
BRDA:84,10,1,0
BRF:23
BRH:6
end_of_record
TN:
SF:js\basicSettings.ts
FN:4,(anonymous_1)
FN:8,(anonymous_2)
FN:19,(anonymous_3)
FN:28,(anonymous_4)
FN:29,(anonymous_5)
FN:34,(anonymous_6)
FN:42,(anonymous_7)
FN:50,(anonymous_8)
FN:62,(anonymous_9)
FN:91,(anonymous_10)
FN:114,(anonymous_11)
FNF:11
FNH:11
FNDA:9,(anonymous_1)
FNDA:2,(anonymous_2)
FNDA:1,(anonymous_3)
FNDA:1,(anonymous_4)
FNDA:1,(anonymous_5)
FNDA:4,(anonymous_6)
FNDA:3,(anonymous_7)
FNDA:7,(anonymous_8)
FNDA:3,(anonymous_9)
FNDA:2,(anonymous_10)
FNDA:2,(anonymous_11)
DA:1,1
DA:5,9
DA:9,2
DA:24,1
DA:25,1
DA:29,1
DA:30,1
DA:35,4
DA:36,4
DA:43,3
DA:44,3
DA:51,7
DA:52,7
DA:53,7
DA:54,7
DA:59,7
DA:67,3
DA:68,3
DA:74,3
DA:76,3
DA:78,3
DA:79,2
DA:80,2
DA:81,2
DA:82,2
DA:83,2
DA:85,1
DA:86,1
DA:87,1
DA:92,2
DA:93,2
DA:95,2
DA:96,2
DA:98,2
DA:104,2
DA:105,1
DA:106,1
DA:107,1
DA:110,1
DA:111,1
DA:119,2
DA:121,2
DA:123,2
DA:124,1
DA:125,1
DA:126,1
DA:128,1
DA:129,1
DA:134,1
LF:49
LH:49
BRDA:74,0,0,0
BRDA:78,1,0,2
BRDA:78,1,1,1
BRDA:93,2,0,0
BRDA:93,3,0,2
BRDA:93,3,1,2
BRDA:95,4,0,0
BRDA:104,5,0,1
BRDA:121,6,0,0
BRDA:123,7,0,1
BRDA:123,7,1,1
BRF:11
BRH:7
end_of_record
TN:
SF:js\general.js
FN:77,(anonymous_0)
FN:81,(anonymous_1)
FN:84,(anonymous_2)
FN:87,(anonymous_3)
FN:92,(anonymous_4)
FN:97,(anonymous_5)
FN:100,(anonymous_6)
FN:107,(anonymous_7)
FN:111,(anonymous_8)
FN:112,(anonymous_9)
FN:116,(anonymous_10)
FN:119,(anonymous_11)
FN:125,(anonymous_12)
FN:128,(anonymous_13)
FN:131,(anonymous_14)
FN:134,(anonymous_15)
FN:137,(anonymous_16)
FN:140,(anonymous_17)
FN:143,(anonymous_18)
FN:163,(anonymous_19)
FNF:20
FNH:8
FNDA:21,(anonymous_0)
FNDA:9,(anonymous_1)
FNDA:0,(anonymous_2)
FNDA:7,(anonymous_3)
FNDA:0,(anonymous_4)
FNDA:1,(anonymous_5)
FNDA:0,(anonymous_6)
FNDA:0,(anonymous_7)
FNDA:0,(anonymous_8)
FNDA:0,(anonymous_9)
FNDA:0,(anonymous_10)
FNDA:19,(anonymous_11)
FNDA:5,(anonymous_12)
FNDA:0,(anonymous_13)
FNDA:0,(anonymous_14)
FNDA:0,(anonymous_15)
FNDA:3,(anonymous_16)
FNDA:1,(anonymous_17)
FNDA:0,(anonymous_18)
FNDA:0,(anonymous_19)
DA:2,3
DA:6,21
DA:71,21
DA:78,21
DA:79,21
DA:82,9
DA:85,0
DA:88,7
DA:89,7
DA:90,7
DA:93,0
DA:94,0
DA:95,0
DA:98,1
DA:101,0
DA:108,0
DA:109,0
DA:112,0
DA:113,0
DA:117,0
DA:120,19
DA:121,19
DA:126,5
DA:129,0
DA:132,0
DA:135,0
DA:138,3
DA:141,1
DA:145,0
DA:146,0
DA:148,0
DA:149,0
DA:150,0
DA:152,0
DA:153,0
DA:156,0
DA:158,0
DA:159,0
DA:160,0
DA:161,0
DA:164,0
DA:165,0
DA:166,0
DA:169,3
LF:44
LH:16
BRDA:87,0,0,7
BRDA:87,1,0,7
BRDA:90,2,0,7
BRDA:90,2,1,0
BRDA:121,3,0,19
BRDA:121,3,1,0
BRDA:145,4,0,0
BRDA:145,4,1,0
BRDA:148,5,0,0
BRDA:148,5,1,0
BRDA:152,6,0,0
BRDA:152,6,1,0
BRDA:159,7,0,0
BRDA:159,7,1,0
BRF:14
BRH:4
end_of_record
TN:
SF:js\general.ts
FN:90,(anonymous_0)
FN:95,(anonymous_1)
FN:99,(anonymous_2)
FN:103,(anonymous_3)
FN:117,(anonymous_4)
FN:131,(anonymous_5)
FN:139,(anonymous_6)
FN:147,(anonymous_7)
FN:156,(anonymous_8)
FN:157,(anonymous_9)
FN:162,(anonymous_10)
FN:166,(anonymous_11)
FN:177,(anonymous_12)
FN:181,(anonymous_13)
FN:185,(anonymous_14)
FN:189,(anonymous_15)
FN:193,(anonymous_16)
FN:196,(anonymous_17)
FN:200,(anonymous_18)
FN:220,(anonymous_19)
FNF:20
FNH:16
FNDA:14,(anonymous_0)
FNDA:2,(anonymous_1)
FNDA:1,(anonymous_2)
FNDA:2,(anonymous_3)
FNDA:1,(anonymous_4)
FNDA:2,(anonymous_5)
FNDA:2,(anonymous_6)
FNDA:1,(anonymous_7)
FNDA:1,(anonymous_8)
FNDA:1,(anonymous_9)
FNDA:1,(anonymous_10)
FNDA:4,(anonymous_11)
FNDA:1,(anonymous_12)
FNDA:0,(anonymous_13)
FNDA:1,(anonymous_14)
FNDA:0,(anonymous_15)
FNDA:0,(anonymous_16)
FNDA:0,(anonymous_17)
FNDA:1,(anonymous_18)
FNDA:1,(anonymous_19)
DA:17,14
DA:83,14
DA:91,14
DA:92,14
DA:96,2
DA:100,1
DA:108,2
DA:113,2
DA:114,2
DA:122,1
DA:127,1
DA:128,1
DA:136,2
DA:140,2
DA:152,1
DA:153,1
DA:157,1
DA:158,1
DA:163,1
DA:171,4
DA:172,4
DA:178,1
DA:182,0
DA:186,1
DA:190,0
DA:194,0
DA:197,0
DA:202,1
DA:203,0
DA:204,1
DA:205,1
DA:206,1
DA:207,0
DA:208,0
DA:210,0
DA:213,1
DA:215,1
DA:217,0
DA:221,1
DA:222,1
DA:223,1
DA:227,1
LF:42
LH:33
BRDA:105,0,0,1
BRDA:106,1,0,1
BRDA:114,2,0,2
BRDA:114,2,1,0
BRDA:172,3,0,3
BRDA:172,3,1,1
BRDA:202,4,0,0
BRDA:202,4,1,1
BRDA:204,5,0,1
BRDA:204,5,1,0
BRDA:207,6,0,0
BRDA:207,6,1,0
BRDA:215,7,0,1
BRF:13
BRH:8
end_of_record
TN:
SF:js\main.ts
FN:25,(anonymous_1)
FN:29,(anonymous_2)
FN:35,(anonymous_3)
FN:55,(anonymous_4)
FN:63,(anonymous_5)
FNF:5
FNH:2
FNDA:1,(anonymous_1)
FNDA:1,(anonymous_2)
FNDA:0,(anonymous_3)
FNDA:0,(anonymous_4)
FNDA:0,(anonymous_5)
DA:2,1
DA:3,1
DA:4,1
DA:5,1
DA:8,1
DA:9,1
DA:12,1
DA:13,1
DA:16,1
DA:17,1
DA:21,1
DA:25,1
DA:26,1
DA:27,1
DA:29,1
DA:30,1
DA:31,1
DA:35,1
DA:36,0
DA:39,0
DA:40,0
DA:42,0
DA:43,0
DA:47,0
DA:48,0
DA:51,0
DA:55,1
DA:56,0
DA:57,0
DA:59,0
DA:63,1
DA:64,0
DA:66,0
DA:67,0
DA:71,0
DA:72,0
DA:76,0
DA:77,0
DA:81,0
DA:82,0
DA:86,0
DA:87,0
DA:88,0
DA:89,0
DA:90,0
LF:45
LH:20
BRDA:39,0,0,0
BRDA:47,1,0,0
BRDA:66,2,0,0
BRDA:71,3,0,0
BRDA:76,4,0,0
BRDA:81,5,0,0
BRDA:86,6,0,0
BRDA:87,7,0,0
BRDA:87,7,1,0
BRDA:89,8,0,0
BRF:10
BRH:0
end_of_record
